# JRE version: OpenJDK Runtime Environment Temurin-17.0.11+9 (17.0.11+9) (build 17.0.11+9)
# Java VM: OpenJDK 64-Bit Server VM Temurin-17.0.11+9 (17.0.11+9, mixed mode, tiered, compressed oops, compressed class ptrs, parallel gc, windows-amd64)
GC Precious Log:
 CPUs: 2 total, 2 available
 Memory: 6023M
 Large Page Support: Disabled
 NUMA Support: Disabled
 Compressed Oops: Enabled (32-bit)
 Alignments: Space 512K, Generation 512K, Heap 2M
 Heap Min Capacity: 100M
 Heap Initial Capacity: 100M
 Heap Max Capacity: 1G
 Pre-touch: Disabled
 Parallel Workers: 2
Heap:
 PSYoungGen      total 3072K, used 2644K [0x00000000eab00000, 0x00000000eb180000, 0x0000000100000000)
  eden space 2560K, 89% used [0x00000000eab00000,0x00000000ead3ae20,0x00000000ead80000)
  from space 512K, 70% used [0x00000000eb100000,0x00000000eb15a328,0x00000000eb180000)
  to   space 512K, 0% used [0x00000000eb080000,0x00000000eb080000,0x00000000eb100000)
 ParOldGen       total 127488K, used 95087K [0x00000000c0000000, 0x00000000c7c80000, 0x00000000eab00000)
  object space 127488K, 74% used [0x00000000c0000000,0x00000000c5cdbc70,0x00000000c7c80000)
 Metaspace       used 73844K, committed 75072K, reserved 1179648K
  class space    used 7834K, committed 8384K, reserved 1048576K
GC Heap History (20 events):
Event: 289.928 GC heap before
{Heap before GC invocations=94 (full 6):
 PSYoungGen      total 3072K, used 3072K [0x00000000eab00000, 0x00000000eb080000, 0x0000000100000000)
  eden space 2560K, 100% used [0x00000000eab00000,0x00000000ead80000,0x00000000ead80000)
  from space 512K, 100% used [0x00000000eaf00000,0x00000000eaf80000,0x00000000eaf80000)
  to   space 1536K, 0% used [0x00000000ead80000,0x00000000ead80000,0x00000000eaf00000)
 ParOldGen       total 127488K, used 93450K [0x00000000c0000000, 0x00000000c7c80000, 0x00000000eab00000)
  object space 127488K, 73% used [0x00000000c0000000,0x00000000c5b42bf0,0x00000000c7c80000)
 Metaspace       used 73178K, committed 74496K, reserved 1179648K
  class space    used 7756K, committed 8320K, reserved 1048576K
}
Event: 289.933 GC heap after
{Heap after GC invocations=94 (full 6):
 PSYoungGen      total 4096K, used 1534K [0x00000000eab00000, 0x00000000eb480000, 0x0000000100000000)
  eden space 2560K, 0% used [0x00000000eab00000,0x00000000eab00000,0x00000000ead80000)
  from space 1536K, 99% used [0x00000000ead80000,0x00000000eaeff8b0,0x00000000eaf00000)
  to   space 3584K, 0% used [0x00000000eb100000,0x00000000eb100000,0x00000000eb480000)
 ParOldGen       total 127488K, used 94738K [0x00000000c0000000, 0x00000000c7c80000, 0x00000000eab00000)
  object space 127488K, 74% used [0x00000000c0000000,0x00000000c5c84bf0,0x00000000c7c80000)
 Metaspace       used 73178K, committed 74496K, reserved 1179648K
  class space    used 7756K, committed 8320K, reserved 1048576K
}
Event: 292.233 GC heap before
{Heap before GC invocations=95 (full 6):
 PSYoungGen      total 4096K, used 4076K [0x00000000eab00000, 0x00000000eb480000, 0x0000000100000000)
  eden space 2560K, 99% used [0x00000000eab00000,0x00000000ead7b980,0x00000000ead80000)
  from space 1536K, 99% used [0x00000000ead80000,0x00000000eaeff8b0,0x00000000eaf00000)
  to   space 3584K, 0% used [0x00000000eb100000,0x00000000eb100000,0x00000000eb480000)
 ParOldGen       total 127488K, used 94738K [0x00000000c0000000, 0x00000000c7c80000, 0x00000000eab00000)
  object space 127488K, 74% used [0x00000000c0000000,0x00000000c5c84bf0,0x00000000c7c80000)
 Metaspace       used 73182K, committed 74496K, reserved 1179648K
  class space    used 7756K, committed 8320K, reserved 1048576K
}
Event: 292.234 GC heap after
{Heap after GC invocations=95 (full 6):
 PSYoungGen      total 3072K, used 128K [0x00000000eab00000, 0x00000000eb180000, 0x0000000100000000)
  eden space 2560K, 0% used [0x00000000eab00000,0x00000000eab00000,0x00000000ead80000)
  from space 512K, 25% used [0x00000000eb100000,0x00000000eb120000,0x00000000eb180000)
  to   space 1536K, 0% used [0x00000000eae80000,0x00000000eae80000,0x00000000eb000000)
 ParOldGen       total 127488K, used 94823K [0x00000000c0000000, 0x00000000c7c80000, 0x00000000eab00000)
  object space 127488K, 74% used [0x00000000c0000000,0x00000000c5c99c60,0x00000000c7c80000)
 Metaspace       used 73182K, committed 74496K, reserved 1179648K
  class space    used 7756K, committed 8320K, reserved 1048576K
}
Event: 322.588 GC heap before
{Heap before GC invocations=96 (full 6):
 PSYoungGen      total 3072K, used 2688K [0x00000000eab00000, 0x00000000eb180000, 0x0000000100000000)
  eden space 2560K, 100% used [0x00000000eab00000,0x00000000ead80000,0x00000000ead80000)
  from space 512K, 25% used [0x00000000eb100000,0x00000000eb120000,0x00000000eb180000)
  to   space 1536K, 0% used [0x00000000eae80000,0x00000000eae80000,0x00000000eb000000)
 ParOldGen       total 127488K, used 94823K [0x00000000c0000000, 0x00000000c7c80000, 0x00000000eab00000)
  object space 127488K, 74% used [0x00000000c0000000,0x00000000c5c99c60,0x00000000c7c80000)
 Metaspace       used 73341K, committed 74624K, reserved 1179648K
  class space    used 7775K, committed 8320K, reserved 1048576K
}
Event: 322.589 GC heap after
{Heap after GC invocations=96 (full 6):
 PSYoungGen      total 4096K, used 160K [0x00000000eab00000, 0x00000000eb180000, 0x0000000100000000)
  eden space 2560K, 0% used [0x00000000eab00000,0x00000000eab00000,0x00000000ead80000)
  from space 1536K, 10% used [0x00000000eae80000,0x00000000eaea8000,0x00000000eb000000)
  to   space 512K, 0% used [0x00000000eb100000,0x00000000eb100000,0x00000000eb180000)
 ParOldGen       total 127488K, used 94823K [0x00000000c0000000, 0x00000000c7c80000, 0x00000000eab00000)
  object space 127488K, 74% used [0x00000000c0000000,0x00000000c5c99c60,0x00000000c7c80000)
 Metaspace       used 73341K, committed 74624K, reserved 1179648K
  class space    used 7775K, committed 8320K, reserved 1048576K
}
Event: 323.223 GC heap before
{Heap before GC invocations=97 (full 6):
 PSYoungGen      total 4096K, used 2720K [0x00000000eab00000, 0x00000000eb180000, 0x0000000100000000)
  eden space 2560K, 100% used [0x00000000eab00000,0x00000000ead80000,0x00000000ead80000)
  from space 1536K, 10% used [0x00000000eae80000,0x00000000eaea8000,0x00000000eb000000)
  to   space 512K, 0% used [0x00000000eb100000,0x00000000eb100000,0x00000000eb180000)
 ParOldGen       total 127488K, used 94823K [0x00000000c0000000, 0x00000000c7c80000, 0x00000000eab00000)
  object space 127488K, 74% used [0x00000000c0000000,0x00000000c5c99c60,0x00000000c7c80000)
 Metaspace       used 73544K, committed 74816K, reserved 1179648K
  class space    used 7801K, committed 8384K, reserved 1048576K
}
Event: 323.226 GC heap after
{Heap after GC invocations=97 (full 6):
 PSYoungGen      total 3072K, used 224K [0x00000000eab00000, 0x00000000eb180000, 0x0000000100000000)
  eden space 2560K, 0% used [0x00000000eab00000,0x00000000eab00000,0x00000000ead80000)
  from space 512K, 43% used [0x00000000eb100000,0x00000000eb138000,0x00000000eb180000)
  to   space 512K, 0% used [0x00000000eb080000,0x00000000eb080000,0x00000000eb100000)
 ParOldGen       total 127488K, used 94823K [0x00000000c0000000, 0x00000000c7c80000, 0x00000000eab00000)
  object space 127488K, 74% used [0x00000000c0000000,0x00000000c5c99c60,0x00000000c7c80000)
 Metaspace       used 73544K, committed 74816K, reserved 1179648K
  class space    used 7801K, committed 8384K, reserved 1048576K
}
Event: 323.240 GC heap before
{Heap before GC invocations=98 (full 6):
 PSYoungGen      total 3072K, used 2784K [0x00000000eab00000, 0x00000000eb180000, 0x0000000100000000)
  eden space 2560K, 100% used [0x00000000eab00000,0x00000000ead80000,0x00000000ead80000)
  from space 512K, 43% used [0x00000000eb100000,0x00000000eb138000,0x00000000eb180000)
  to   space 512K, 0% used [0x00000000eb080000,0x00000000eb080000,0x00000000eb100000)
 ParOldGen       total 127488K, used 94823K [0x00000000c0000000, 0x00000000c7c80000, 0x00000000eab00000)
  object space 127488K, 74% used [0x00000000c0000000,0x00000000c5c99c60,0x00000000c7c80000)
 Metaspace       used 73544K, committed 74816K, reserved 1179648K
  class space    used 7801K, committed 8384K, reserved 1048576K
}
Event: 323.241 GC heap after
{Heap after GC invocations=98 (full 6):
 PSYoungGen      total 3072K, used 224K [0x00000000eab00000, 0x00000000eb180000, 0x0000000100000000)
  eden space 2560K, 0% used [0x00000000eab00000,0x00000000eab00000,0x00000000ead80000)
  from space 512K, 43% used [0x00000000eb080000,0x00000000eb0b8000,0x00000000eb100000)
  to   space 512K, 0% used [0x00000000eb100000,0x00000000eb100000,0x00000000eb180000)
 ParOldGen       total 127488K, used 94823K [0x00000000c0000000, 0x00000000c7c80000, 0x00000000eab00000)
  object space 127488K, 74% used [0x00000000c0000000,0x00000000c5c99c60,0x00000000c7c80000)
 Metaspace       used 73544K, committed 74816K, reserved 1179648K
  class space    used 7801K, committed 8384K, reserved 1048576K
}
Event: 323.258 GC heap before
{Heap before GC invocations=99 (full 6):
 PSYoungGen      total 3072K, used 2784K [0x00000000eab00000, 0x00000000eb180000, 0x0000000100000000)
  eden space 2560K, 100% used [0x00000000eab00000,0x00000000ead80000,0x00000000ead80000)
  from space 512K, 43% used [0x00000000eb080000,0x00000000eb0b8000,0x00000000eb100000)
  to   space 512K, 0% used [0x00000000eb100000,0x00000000eb100000,0x00000000eb180000)
 ParOldGen       total 127488K, used 94823K [0x00000000c0000000, 0x00000000c7c80000, 0x00000000eab00000)
  object space 127488K, 74% used [0x00000000c0000000,0x00000000c5c99c60,0x00000000c7c80000)
 Metaspace       used 73545K, committed 74816K, reserved 1179648K
  class space    used 7801K, committed 8384K, reserved 1048576K
}
Event: 323.260 GC heap after
{Heap after GC invocations=99 (full 6):
 PSYoungGen      total 3072K, used 224K [0x00000000eab00000, 0x00000000eb180000, 0x0000000100000000)
  eden space 2560K, 0% used [0x00000000eab00000,0x00000000eab00000,0x00000000ead80000)
  from space 512K, 43% used [0x00000000eb100000,0x00000000eb138000,0x00000000eb180000)
  to   space 512K, 0% used [0x00000000eb080000,0x00000000eb080000,0x00000000eb100000)
 ParOldGen       total 127488K, used 94839K [0x00000000c0000000, 0x00000000c7c80000, 0x00000000eab00000)
  object space 127488K, 74% used [0x00000000c0000000,0x00000000c5c9dc60,0x00000000c7c80000)
 Metaspace       used 73545K, committed 74816K, reserved 1179648K
  class space    used 7801K, committed 8384K, reserved 1048576K
}
Event: 323.276 GC heap before
{Heap before GC invocations=100 (full 6):
 PSYoungGen      total 3072K, used 2784K [0x00000000eab00000, 0x00000000eb180000, 0x0000000100000000)
  eden space 2560K, 100% used [0x00000000eab00000,0x00000000ead80000,0x00000000ead80000)
  from space 512K, 43% used [0x00000000eb100000,0x00000000eb138000,0x00000000eb180000)
  to   space 512K, 0% used [0x00000000eb080000,0x00000000eb080000,0x00000000eb100000)
 ParOldGen       total 127488K, used 94839K [0x00000000c0000000, 0x00000000c7c80000, 0x00000000eab00000)
  object space 127488K, 74% used [0x00000000c0000000,0x00000000c5c9dc60,0x00000000c7c80000)
 Metaspace       used 73545K, committed 74816K, reserved 1179648K
  class space    used 7801K, committed 8384K, reserved 1048576K
}
Event: 323.278 GC heap after
{Heap after GC invocations=100 (full 6):
 PSYoungGen      total 3072K, used 192K [0x00000000eab00000, 0x00000000eb180000, 0x0000000100000000)
  eden space 2560K, 0% used [0x00000000eab00000,0x00000000eab00000,0x00000000ead80000)
  from space 512K, 37% used [0x00000000eb080000,0x00000000eb0b0000,0x00000000eb100000)
  to   space 512K, 0% used [0x00000000eb100000,0x00000000eb100000,0x00000000eb180000)
 ParOldGen       total 127488K, used 94911K [0x00000000c0000000, 0x00000000c7c80000, 0x00000000eab00000)
  object space 127488K, 74% used [0x00000000c0000000,0x00000000c5cafc70,0x00000000c7c80000)
 Metaspace       used 73545K, committed 74816K, reserved 1179648K
  class space    used 7801K, committed 8384K, reserved 1048576K
}
Event: 323.294 GC heap before
{Heap before GC invocations=101 (full 6):
 PSYoungGen      total 3072K, used 2752K [0x00000000eab00000, 0x00000000eb180000, 0x0000000100000000)
  eden space 2560K, 100% used [0x00000000eab00000,0x00000000ead80000,0x00000000ead80000)
  from space 512K, 37% used [0x00000000eb080000,0x00000000eb0b0000,0x00000000eb100000)
  to   space 512K, 0% used [0x00000000eb100000,0x00000000eb100000,0x00000000eb180000)
 ParOldGen       total 127488K, used 94911K [0x00000000c0000000, 0x00000000c7c80000, 0x00000000eab00000)
  object space 127488K, 74% used [0x00000000c0000000,0x00000000c5cafc70,0x00000000c7c80000)
 Metaspace       used 73545K, committed 74816K, reserved 1179648K
  class space    used 7801K, committed 8384K, reserved 1048576K
}
Event: 323.300 GC heap after
{Heap after GC invocations=101 (full 6):
 PSYoungGen      total 3072K, used 160K [0x00000000eab00000, 0x00000000eb180000, 0x0000000100000000)
  eden space 2560K, 0% used [0x00000000eab00000,0x00000000eab00000,0x00000000ead80000)
  from space 512K, 31% used [0x00000000eb100000,0x00000000eb128000,0x00000000eb180000)
  to   space 512K, 0% used [0x00000000eb080000,0x00000000eb080000,0x00000000eb100000)
 ParOldGen       total 127488K, used 94959K [0x00000000c0000000, 0x00000000c7c80000, 0x00000000eab00000)
  object space 127488K, 74% used [0x00000000c0000000,0x00000000c5cbbc70,0x00000000c7c80000)
 Metaspace       used 73545K, committed 74816K, reserved 1179648K
  class space    used 7801K, committed 8384K, reserved 1048576K
}
Event: 323.411 GC heap before
{Heap before GC invocations=102 (full 6):
 PSYoungGen      total 3072K, used 2719K [0x00000000eab00000, 0x00000000eb180000, 0x0000000100000000)
  eden space 2560K, 99% used [0x00000000eab00000,0x00000000ead7fff8,0x00000000ead80000)
  from space 512K, 31% used [0x00000000eb100000,0x00000000eb128000,0x00000000eb180000)
  to   space 512K, 0% used [0x00000000eb080000,0x00000000eb080000,0x00000000eb100000)
 ParOldGen       total 127488K, used 94959K [0x00000000c0000000, 0x00000000c7c80000, 0x00000000eab00000)
  object space 127488K, 74% used [0x00000000c0000000,0x00000000c5cbbc70,0x00000000c7c80000)
 Metaspace       used 73574K, committed 74880K, reserved 1179648K
  class space    used 7804K, committed 8384K, reserved 1048576K
}
Event: 323.414 GC heap after
{Heap after GC invocations=102 (full 6):
 PSYoungGen      total 3072K, used 160K [0x00000000eab00000, 0x00000000eb180000, 0x0000000100000000)
  eden space 2560K, 0% used [0x00000000eab00000,0x00000000eab00000,0x00000000ead80000)
  from space 512K, 31% used [0x00000000eb080000,0x00000000eb0a8000,0x00000000eb100000)
  to   space 512K, 0% used [0x00000000eb100000,0x00000000eb100000,0x00000000eb180000)
 ParOldGen       total 127488K, used 95039K [0x00000000c0000000, 0x00000000c7c80000, 0x00000000eab00000)
  object space 127488K, 74% used [0x00000000c0000000,0x00000000c5ccfc70,0x00000000c7c80000)
 Metaspace       used 73574K, committed 74880K, reserved 1179648K
  class space    used 7804K, committed 8384K, reserved 1048576K
}
Event: 323.538 GC heap before
{Heap before GC invocations=103 (full 6):
 PSYoungGen      total 3072K, used 2720K [0x00000000eab00000, 0x00000000eb180000, 0x0000000100000000)
  eden space 2560K, 100% used [0x00000000eab00000,0x00000000ead80000,0x00000000ead80000)
  from space 512K, 31% used [0x00000000eb080000,0x00000000eb0a8000,0x00000000eb100000)
  to   space 512K, 0% used [0x00000000eb100000,0x00000000eb100000,0x00000000eb180000)
 ParOldGen       total 127488K, used 95039K [0x00000000c0000000, 0x00000000c7c80000, 0x00000000eab00000)
  object space 127488K, 74% used [0x00000000c0000000,0x00000000c5ccfc70,0x00000000c7c80000)
 Metaspace       used 73689K, committed 74944K, reserved 1179648K
  class space    used 7821K, committed 8384K, reserved 1048576K
}
Event: 323.540 GC heap after
{Heap after GC invocations=103 (full 6):
 PSYoungGen      total 3072K, used 360K [0x00000000eab00000, 0x00000000eb180000, 0x0000000100000000)
  eden space 2560K, 0% used [0x00000000eab00000,0x00000000eab00000,0x00000000ead80000)
  from space 512K, 70% used [0x00000000eb100000,0x00000000eb15a328,0x00000000eb180000)
  to   space 512K, 0% used [0x00000000eb080000,0x00000000eb080000,0x00000000eb100000)
 ParOldGen       total 127488K, used 95087K [0x00000000c0000000, 0x00000000c7c80000, 0x00000000eab00000)
  object space 127488K, 74% used [0x00000000c0000000,0x00000000c5cdbc70,0x00000000c7c80000)
 Metaspace       used 73689K, committed 74944K, reserved 1179648K
  class space    used 7821K, committed 8384K, reserved 1048576K
}

