# JRE version: OpenJDK Runtime Environment Temurin-17.0.11+9 (17.0.11+9) (build 17.0.11+9)
# Java VM: OpenJDK 64-Bit Server VM Temurin-17.0.11+9 (17.0.11+9, mixed mode, tiered, compressed oops, compressed class ptrs, parallel gc, windows-amd64)
GC Precious Log:
 CPUs: 2 total, 2 available
 Memory: 6023M
 Large Page Support: Disabled
 NUMA Support: Disabled
 Compressed Oops: Enabled (32-bit)
 Alignments: Space 512K, Generation 512K, Heap 2M
 Heap Min Capacity: 100M
 Heap Initial Capacity: 100M
 Heap Max Capacity: 1G
 Pre-touch: Disabled
 Parallel Workers: 2
Heap:
 PSYoungGen      total 19456K, used 17938K [0x00000000eab00000, 0x00000000eca00000, 0x0000000100000000)
  eden space 18432K, 91% used [0x00000000eab00000,0x00000000ebb89a00,0x00000000ebd00000)
  from space 1024K, 98% used [0x00000000ec200000,0x00000000ec2fb128,0x00000000ec300000)
  to   space 5120K, 0% used [0x00000000ebd00000,0x00000000ebd00000,0x00000000ec200000)
 ParOldGen       total 68608K, used 43734K [0x00000000c0000000, 0x00000000c4300000, 0x00000000eab00000)
  object space 68608K, 63% used [0x00000000c0000000,0x00000000c2ab5aa0,0x00000000c4300000)
 Metaspace       used 69477K, committed 70784K, reserved 1114112K
  class space    used 7347K, committed 7936K, reserved 1048576K
GC Heap History (20 events):
Event: 32.322 GC heap before
{Heap before GC invocations=34 (full 3):
 PSYoungGen      total 23040K, used 22862K [0x00000000eab00000, 0x00000000ec380000, 0x0000000100000000)
  eden space 22016K, 100% used [0x00000000eab00000,0x00000000ec080000,0x00000000ec080000)
  from space 1024K, 82% used [0x00000000ec280000,0x00000000ec3539d8,0x00000000ec380000)
  to   space 1536K, 0% used [0x00000000ec080000,0x00000000ec080000,0x00000000ec200000)
 ParOldGen       total 68608K, used 35094K [0x00000000c0000000, 0x00000000c4300000, 0x00000000eab00000)
  object space 68608K, 51% used [0x00000000c0000000,0x00000000c2245b98,0x00000000c4300000)
 Metaspace       used 62440K, committed 63616K, reserved 1114112K
  class space    used 6710K, committed 7232K, reserved 1048576K
}
Event: 32.326 GC heap after
{Heap after GC invocations=34 (full 3):
 PSYoungGen      total 23552K, used 448K [0x00000000eab00000, 0x00000000ec300000, 0x0000000100000000)
  eden space 22016K, 0% used [0x00000000eab00000,0x00000000eab00000,0x00000000ec080000)
  from space 1536K, 29% used [0x00000000ec080000,0x00000000ec0f0000,0x00000000ec200000)
  to   space 1024K, 0% used [0x00000000ec200000,0x00000000ec200000,0x00000000ec300000)
 ParOldGen       total 68608K, used 35457K [0x00000000c0000000, 0x00000000c4300000, 0x00000000eab00000)
  object space 68608K, 51% used [0x00000000c0000000,0x00000000c22a0488,0x00000000c4300000)
 Metaspace       used 62440K, committed 63616K, reserved 1114112K
  class space    used 6710K, committed 7232K, reserved 1048576K
}
Event: 33.487 GC heap before
{Heap before GC invocations=35 (full 3):
 PSYoungGen      total 23552K, used 22464K [0x00000000eab00000, 0x00000000ec300000, 0x0000000100000000)
  eden space 22016K, 100% used [0x00000000eab00000,0x00000000ec080000,0x00000000ec080000)
  from space 1536K, 29% used [0x00000000ec080000,0x00000000ec0f0000,0x00000000ec200000)
  to   space 1024K, 0% used [0x00000000ec200000,0x00000000ec200000,0x00000000ec300000)
 ParOldGen       total 68608K, used 35457K [0x00000000c0000000, 0x00000000c4300000, 0x00000000eab00000)
  object space 68608K, 51% used [0x00000000c0000000,0x00000000c22a0488,0x00000000c4300000)
 Metaspace       used 64884K, committed 66112K, reserved 1114112K
  class space    used 6928K, committed 7488K, reserved 1048576K
}
Event: 33.492 GC heap after
{Heap after GC invocations=35 (full 3):
 PSYoungGen      total 22528K, used 992K [0x00000000eab00000, 0x00000000ec480000, 0x0000000100000000)
  eden space 21504K, 0% used [0x00000000eab00000,0x00000000eab00000,0x00000000ec000000)
  from space 1024K, 96% used [0x00000000ec200000,0x00000000ec2f8388,0x00000000ec300000)
  to   space 2048K, 0% used [0x00000000ec000000,0x00000000ec000000,0x00000000ec200000)
 ParOldGen       total 68608K, used 36085K [0x00000000c0000000, 0x00000000c4300000, 0x00000000eab00000)
  object space 68608K, 52% used [0x00000000c0000000,0x00000000c233d748,0x00000000c4300000)
 Metaspace       used 64884K, committed 66112K, reserved 1114112K
  class space    used 6928K, committed 7488K, reserved 1048576K
}
Event: 34.741 GC heap before
{Heap before GC invocations=36 (full 3):
 PSYoungGen      total 22528K, used 22496K [0x00000000eab00000, 0x00000000ec480000, 0x0000000100000000)
  eden space 21504K, 99% used [0x00000000eab00000,0x00000000ebfffff8,0x00000000ec000000)
  from space 1024K, 96% used [0x00000000ec200000,0x00000000ec2f8388,0x00000000ec300000)
  to   space 2048K, 0% used [0x00000000ec000000,0x00000000ec000000,0x00000000ec200000)
 ParOldGen       total 68608K, used 36085K [0x00000000c0000000, 0x00000000c4300000, 0x00000000eab00000)
  object space 68608K, 52% used [0x00000000c0000000,0x00000000c233d748,0x00000000c4300000)
 Metaspace       used 65338K, committed 66496K, reserved 1114112K
  class space    used 6963K, committed 7488K, reserved 1048576K
}
Event: 34.750 GC heap after
{Heap after GC invocations=36 (full 3):
 PSYoungGen      total 23040K, used 1488K [0x00000000eab00000, 0x00000000ec300000, 0x0000000100000000)
  eden space 21504K, 0% used [0x00000000eab00000,0x00000000eab00000,0x00000000ec000000)
  from space 1536K, 96% used [0x00000000ec000000,0x00000000ec174090,0x00000000ec180000)
  to   space 1536K, 0% used [0x00000000ec180000,0x00000000ec180000,0x00000000ec300000)
 ParOldGen       total 68608K, used 37071K [0x00000000c0000000, 0x00000000c4300000, 0x00000000eab00000)
  object space 68608K, 54% used [0x00000000c0000000,0x00000000c2433c98,0x00000000c4300000)
 Metaspace       used 65338K, committed 66496K, reserved 1114112K
  class space    used 6963K, committed 7488K, reserved 1048576K
}
Event: 35.016 GC heap before
{Heap before GC invocations=37 (full 3):
 PSYoungGen      total 23040K, used 22992K [0x00000000eab00000, 0x00000000ec300000, 0x0000000100000000)
  eden space 21504K, 100% used [0x00000000eab00000,0x00000000ec000000,0x00000000ec000000)
  from space 1536K, 96% used [0x00000000ec000000,0x00000000ec174090,0x00000000ec180000)
  to   space 1536K, 0% used [0x00000000ec180000,0x00000000ec180000,0x00000000ec300000)
 ParOldGen       total 68608K, used 37071K [0x00000000c0000000, 0x00000000c4300000, 0x00000000eab00000)
  object space 68608K, 54% used [0x00000000c0000000,0x00000000c2433c98,0x00000000c4300000)
 Metaspace       used 65409K, committed 66688K, reserved 1114112K
  class space    used 6970K, committed 7552K, reserved 1048576K
}
Event: 35.020 GC heap after
{Heap after GC invocations=37 (full 3):
 PSYoungGen      total 22528K, used 681K [0x00000000eab00000, 0x00000000ec280000, 0x0000000100000000)
  eden space 21504K, 0% used [0x00000000eab00000,0x00000000eab00000,0x00000000ec000000)
  from space 1024K, 66% used [0x00000000ec180000,0x00000000ec22a760,0x00000000ec280000)
  to   space 1024K, 0% used [0x00000000ec080000,0x00000000ec080000,0x00000000ec180000)
 ParOldGen       total 68608K, used 37813K [0x00000000c0000000, 0x00000000c4300000, 0x00000000eab00000)
  object space 68608K, 55% used [0x00000000c0000000,0x00000000c24ed478,0x00000000c4300000)
 Metaspace       used 65409K, committed 66688K, reserved 1114112K
  class space    used 6970K, committed 7552K, reserved 1048576K
}
Event: 35.525 GC heap before
{Heap before GC invocations=38 (full 3):
 PSYoungGen      total 22528K, used 22185K [0x00000000eab00000, 0x00000000ec280000, 0x0000000100000000)
  eden space 21504K, 100% used [0x00000000eab00000,0x00000000ec000000,0x00000000ec000000)
  from space 1024K, 66% used [0x00000000ec180000,0x00000000ec22a760,0x00000000ec280000)
  to   space 1024K, 0% used [0x00000000ec080000,0x00000000ec080000,0x00000000ec180000)
 ParOldGen       total 68608K, used 37813K [0x00000000c0000000, 0x00000000c4300000, 0x00000000eab00000)
  object space 68608K, 55% used [0x00000000c0000000,0x00000000c24ed478,0x00000000c4300000)
 Metaspace       used 65643K, committed 66880K, reserved 1114112K
  class space    used 6990K, committed 7552K, reserved 1048576K
}
Event: 35.529 GC heap after
{Heap after GC invocations=38 (full 3):
 PSYoungGen      total 22016K, used 364K [0x00000000eab00000, 0x00000000ec200000, 0x0000000100000000)
  eden space 21504K, 0% used [0x00000000eab00000,0x00000000eab00000,0x00000000ec000000)
  from space 512K, 71% used [0x00000000ec080000,0x00000000ec0db038,0x00000000ec100000)
  to   space 1024K, 0% used [0x00000000ec100000,0x00000000ec100000,0x00000000ec200000)
 ParOldGen       total 68608K, used 38119K [0x00000000c0000000, 0x00000000c4300000, 0x00000000eab00000)
  object space 68608K, 55% used [0x00000000c0000000,0x00000000c2539e08,0x00000000c4300000)
 Metaspace       used 65643K, committed 66880K, reserved 1114112K
  class space    used 6990K, committed 7552K, reserved 1048576K
}
Event: 35.841 GC heap before
{Heap before GC invocations=39 (full 3):
 PSYoungGen      total 22016K, used 21868K [0x00000000eab00000, 0x00000000ec200000, 0x0000000100000000)
  eden space 21504K, 100% used [0x00000000eab00000,0x00000000ec000000,0x00000000ec000000)
  from space 512K, 71% used [0x00000000ec080000,0x00000000ec0db038,0x00000000ec100000)
  to   space 1024K, 0% used [0x00000000ec100000,0x00000000ec100000,0x00000000ec200000)
 ParOldGen       total 68608K, used 38119K [0x00000000c0000000, 0x00000000c4300000, 0x00000000eab00000)
  object space 68608K, 55% used [0x00000000c0000000,0x00000000c2539e08,0x00000000c4300000)
 Metaspace       used 65991K, committed 67264K, reserved 1114112K
  class space    used 7029K, committed 7616K, reserved 1048576K
}
Event: 35.845 GC heap after
{Heap after GC invocations=39 (full 3):
 PSYoungGen      total 22016K, used 401K [0x00000000eab00000, 0x00000000ec180000, 0x0000000100000000)
  eden space 21504K, 0% used [0x00000000eab00000,0x00000000eab00000,0x00000000ec000000)
  from space 512K, 78% used [0x00000000ec100000,0x00000000ec164570,0x00000000ec180000)
  to   space 512K, 0% used [0x00000000ec080000,0x00000000ec080000,0x00000000ec100000)
 ParOldGen       total 68608K, used 38401K [0x00000000c0000000, 0x00000000c4300000, 0x00000000eab00000)
  object space 68608K, 55% used [0x00000000c0000000,0x00000000c2580600,0x00000000c4300000)
 Metaspace       used 65991K, committed 67264K, reserved 1114112K
  class space    used 7029K, committed 7616K, reserved 1048576K
}
Event: 35.997 GC heap before
{Heap before GC invocations=40 (full 3):
 PSYoungGen      total 22016K, used 21905K [0x00000000eab00000, 0x00000000ec180000, 0x0000000100000000)
  eden space 21504K, 100% used [0x00000000eab00000,0x00000000ec000000,0x00000000ec000000)
  from space 512K, 78% used [0x00000000ec100000,0x00000000ec164570,0x00000000ec180000)
  to   space 512K, 0% used [0x00000000ec080000,0x00000000ec080000,0x00000000ec100000)
 ParOldGen       total 68608K, used 38401K [0x00000000c0000000, 0x00000000c4300000, 0x00000000eab00000)
  object space 68608K, 55% used [0x00000000c0000000,0x00000000c2580600,0x00000000c4300000)
 Metaspace       used 66073K, committed 67328K, reserved 1114112K
  class space    used 7036K, committed 7616K, reserved 1048576K
}
Event: 36.004 GC heap after
{Heap after GC invocations=40 (full 3):
 PSYoungGen      total 22016K, used 512K [0x00000000eab00000, 0x00000000ec400000, 0x0000000100000000)
  eden space 21504K, 0% used [0x00000000eab00000,0x00000000eab00000,0x00000000ec000000)
  from space 512K, 100% used [0x00000000ec080000,0x00000000ec100000,0x00000000ec100000)
  to   space 2048K, 0% used [0x00000000ec200000,0x00000000ec200000,0x00000000ec400000)
 ParOldGen       total 68608K, used 39653K [0x00000000c0000000, 0x00000000c4300000, 0x00000000eab00000)
  object space 68608K, 57% used [0x00000000c0000000,0x00000000c26b97b0,0x00000000c4300000)
 Metaspace       used 66073K, committed 67328K, reserved 1114112K
  class space    used 7036K, committed 7616K, reserved 1048576K
}
Event: 36.275 GC heap before
{Heap before GC invocations=41 (full 3):
 PSYoungGen      total 22016K, used 22016K [0x00000000eab00000, 0x00000000ec400000, 0x0000000100000000)
  eden space 21504K, 100% used [0x00000000eab00000,0x00000000ec000000,0x00000000ec000000)
  from space 512K, 100% used [0x00000000ec080000,0x00000000ec100000,0x00000000ec100000)
  to   space 2048K, 0% used [0x00000000ec200000,0x00000000ec200000,0x00000000ec400000)
 ParOldGen       total 68608K, used 39653K [0x00000000c0000000, 0x00000000c4300000, 0x00000000eab00000)
  object space 68608K, 57% used [0x00000000c0000000,0x00000000c26b97b0,0x00000000c4300000)
 Metaspace       used 66123K, committed 67392K, reserved 1114112K
  class space    used 7041K, committed 7616K, reserved 1048576K
}
Event: 36.281 GC heap after
{Heap after GC invocations=41 (full 3):
 PSYoungGen      total 22528K, used 592K [0x00000000eab00000, 0x00000000ec300000, 0x0000000100000000)
  eden space 21504K, 0% used [0x00000000eab00000,0x00000000eab00000,0x00000000ec000000)
  from space 1024K, 57% used [0x00000000ec200000,0x00000000ec294010,0x00000000ec300000)
  to   space 1024K, 0% used [0x00000000ec100000,0x00000000ec100000,0x00000000ec200000)
 ParOldGen       total 68608K, used 39917K [0x00000000c0000000, 0x00000000c4300000, 0x00000000eab00000)
  object space 68608K, 58% used [0x00000000c0000000,0x00000000c26fb7b0,0x00000000c4300000)
 Metaspace       used 66123K, committed 67392K, reserved 1114112K
  class space    used 7041K, committed 7616K, reserved 1048576K
}
Event: 37.147 GC heap before
{Heap before GC invocations=42 (full 3):
 PSYoungGen      total 22528K, used 22096K [0x00000000eab00000, 0x00000000ec300000, 0x0000000100000000)
  eden space 21504K, 100% used [0x00000000eab00000,0x00000000ec000000,0x00000000ec000000)
  from space 1024K, 57% used [0x00000000ec200000,0x00000000ec294010,0x00000000ec300000)
  to   space 1024K, 0% used [0x00000000ec100000,0x00000000ec100000,0x00000000ec200000)
 ParOldGen       total 68608K, used 39917K [0x00000000c0000000, 0x00000000c4300000, 0x00000000eab00000)
  object space 68608K, 58% used [0x00000000c0000000,0x00000000c26fb7b0,0x00000000c4300000)
 Metaspace       used 67003K, committed 68288K, reserved 1114112K
  class space    used 7141K, committed 7744K, reserved 1048576K
}
Event: 37.152 GC heap after
{Heap after GC invocations=42 (full 3):
 PSYoungGen      total 22528K, used 960K [0x00000000eab00000, 0x00000000ec300000, 0x0000000100000000)
  eden space 21504K, 0% used [0x00000000eab00000,0x00000000eab00000,0x00000000ec000000)
  from space 1024K, 93% used [0x00000000ec100000,0x00000000ec1f0020,0x00000000ec200000)
  to   space 1024K, 0% used [0x00000000ec200000,0x00000000ec200000,0x00000000ec300000)
 ParOldGen       total 68608K, used 40453K [0x00000000c0000000, 0x00000000c4300000, 0x00000000eab00000)
  object space 68608K, 58% used [0x00000000c0000000,0x00000000c27817d0,0x00000000c4300000)
 Metaspace       used 67003K, committed 68288K, reserved 1114112K
  class space    used 7141K, committed 7744K, reserved 1048576K
}
Event: 41.035 GC heap before
{Heap before GC invocations=43 (full 3):
 PSYoungGen      total 22528K, used 22464K [0x00000000eab00000, 0x00000000ec300000, 0x0000000100000000)
  eden space 21504K, 99% used [0x00000000eab00000,0x00000000ebffffe8,0x00000000ec000000)
  from space 1024K, 93% used [0x00000000ec100000,0x00000000ec1f0020,0x00000000ec200000)
  to   space 1024K, 0% used [0x00000000ec200000,0x00000000ec200000,0x00000000ec300000)
 ParOldGen       total 68608K, used 40453K [0x00000000c0000000, 0x00000000c4300000, 0x00000000eab00000)
  object space 68608K, 58% used [0x00000000c0000000,0x00000000c27817d0,0x00000000c4300000)
 Metaspace       used 68191K, committed 69568K, reserved 1114112K
  class space    used 7223K, committed 7808K, reserved 1048576K
}
Event: 41.062 GC heap after
{Heap after GC invocations=43 (full 3):
 PSYoungGen      total 19456K, used 1004K [0x00000000eab00000, 0x00000000eca00000, 0x0000000100000000)
  eden space 18432K, 0% used [0x00000000eab00000,0x00000000eab00000,0x00000000ebd00000)
  from space 1024K, 98% used [0x00000000ec200000,0x00000000ec2fb128,0x00000000ec300000)
  to   space 5120K, 0% used [0x00000000ebd00000,0x00000000ebd00000,0x00000000ec200000)
 ParOldGen       total 68608K, used 43734K [0x00000000c0000000, 0x00000000c4300000, 0x00000000eab00000)
  object space 68608K, 63% used [0x00000000c0000000,0x00000000c2ab5aa0,0x00000000c4300000)
 Metaspace       used 68191K, committed 69568K, reserved 1114112K
  class space    used 7223K, committed 7808K, reserved 1048576K
}

