# JRE version: OpenJDK Runtime Environment Temurin-17.0.11+9 (17.0.11+9) (build 17.0.11+9)
# Java VM: OpenJDK 64-Bit Server VM Temurin-17.0.11+9 (17.0.11+9, mixed mode, tiered, compressed oops, compressed class ptrs, parallel gc, windows-amd64)
GC Precious Log:
 CPUs: 2 total, 2 available
 Memory: 6023M
 Large Page Support: Disabled
 NUMA Support: Disabled
 Compressed Oops: Enabled (32-bit)
 Alignments: Space 512K, Generation 512K, Heap 2M
 Heap Min Capacity: 100M
 Heap Initial Capacity: 100M
 Heap Max Capacity: 1G
 Pre-touch: Disabled
 Parallel Workers: 2
Heap:
 PSYoungGen      total 4608K, used 2818K [0x00000000eab00000, 0x00000000eb100000, 0x0000000100000000)
  eden space 4096K, 57% used [0x00000000eab00000,0x00000000ead508e8,0x00000000eaf00000)
  from space 512K, 87% used [0x00000000eb080000,0x00000000eb0f0020,0x00000000eb100000)
  to   space 1024K, 0% used [0x00000000eaf00000,0x00000000eaf00000,0x00000000eb000000)
 ParOldGen       total 164352K, used 127412K [0x00000000c0000000, 0x00000000ca080000, 0x00000000eab00000)
  object space 164352K, 77% used [0x00000000c0000000,0x00000000c7c6d250,0x00000000ca080000)
 Metaspace       used 90240K, committed 91648K, reserved 1179648K
  class space    used 8821K, committed 9472K, reserved 1048576K
GC Heap History (20 events):
Event: 1433.465 GC heap before
{Heap before GC invocations=3520 (full 74):
 PSYoungGen      total 5120K, used 2560K [0x00000000eab00000, 0x00000000eb300000, 0x0000000100000000)
  eden space 2560K, 100% used [0x00000000eab00000,0x00000000ead80000,0x00000000ead80000)
  from space 2560K, 0% used [0x00000000eb000000,0x00000000eb000000,0x00000000eb280000)
  to   space 2560K, 0% used [0x00000000ead80000,0x00000000ead80000,0x00000000eb000000)
 ParOldGen       total 164352K, used 124509K [0x00000000c0000000, 0x00000000ca080000, 0x00000000eab00000)
  object space 164352K, 75% used [0x00000000c0000000,0x00000000c79976c8,0x00000000ca080000)
 Metaspace       used 90211K, committed 91584K, reserved 1179648K
  class space    used 8821K, committed 9472K, reserved 1048576K
}
Event: 1433.469 GC heap after
{Heap after GC invocations=3520 (full 74):
 PSYoungGen      total 5120K, used 1824K [0x00000000eab00000, 0x00000000eb200000, 0x0000000100000000)
  eden space 2560K, 0% used [0x00000000eab00000,0x00000000eab00000,0x00000000ead80000)
  from space 2560K, 71% used [0x00000000ead80000,0x00000000eaf48000,0x00000000eb000000)
  to   space 2048K, 0% used [0x00000000eb000000,0x00000000eb000000,0x00000000eb200000)
 ParOldGen       total 164352K, used 124509K [0x00000000c0000000, 0x00000000ca080000, 0x00000000eab00000)
  object space 164352K, 75% used [0x00000000c0000000,0x00000000c79976c8,0x00000000ca080000)
 Metaspace       used 90211K, committed 91584K, reserved 1179648K
  class space    used 8821K, committed 9472K, reserved 1048576K
}
Event: 1433.480 GC heap before
{Heap before GC invocations=3521 (full 74):
 PSYoungGen      total 5120K, used 4384K [0x00000000eab00000, 0x00000000eb200000, 0x0000000100000000)
  eden space 2560K, 100% used [0x00000000eab00000,0x00000000ead80000,0x00000000ead80000)
  from space 2560K, 71% used [0x00000000ead80000,0x00000000eaf48000,0x00000000eb000000)
  to   space 2048K, 0% used [0x00000000eb000000,0x00000000eb000000,0x00000000eb200000)
 ParOldGen       total 164352K, used 124509K [0x00000000c0000000, 0x00000000ca080000, 0x00000000eab00000)
  object space 164352K, 75% used [0x00000000c0000000,0x00000000c79976c8,0x00000000ca080000)
 Metaspace       used 90211K, committed 91584K, reserved 1179648K
  class space    used 8821K, committed 9472K, reserved 1048576K
}
Event: 1433.484 GC heap after
{Heap after GC invocations=3521 (full 74):
 PSYoungGen      total 5120K, used 1724K [0x00000000eab00000, 0x00000000eb200000, 0x0000000100000000)
  eden space 3072K, 0% used [0x00000000eab00000,0x00000000eab00000,0x00000000eae00000)
  from space 2048K, 84% used [0x00000000eb000000,0x00000000eb1af180,0x00000000eb200000)
  to   space 2048K, 0% used [0x00000000eae00000,0x00000000eae00000,0x00000000eb000000)
 ParOldGen       total 164352K, used 125962K [0x00000000c0000000, 0x00000000ca080000, 0x00000000eab00000)
  object space 164352K, 76% used [0x00000000c0000000,0x00000000c7b02b48,0x00000000ca080000)
 Metaspace       used 90211K, committed 91584K, reserved 1179648K
  class space    used 8821K, committed 9472K, reserved 1048576K
}
Event: 1433.499 GC heap before
{Heap before GC invocations=3522 (full 74):
 PSYoungGen      total 5120K, used 4796K [0x00000000eab00000, 0x00000000eb200000, 0x0000000100000000)
  eden space 3072K, 100% used [0x00000000eab00000,0x00000000eae00000,0x00000000eae00000)
  from space 2048K, 84% used [0x00000000eb000000,0x00000000eb1af180,0x00000000eb200000)
  to   space 2048K, 0% used [0x00000000eae00000,0x00000000eae00000,0x00000000eb000000)
 ParOldGen       total 164352K, used 125962K [0x00000000c0000000, 0x00000000ca080000, 0x00000000eab00000)
  object space 164352K, 76% used [0x00000000c0000000,0x00000000c7b02b48,0x00000000ca080000)
 Metaspace       used 90211K, committed 91584K, reserved 1179648K
  class space    used 8821K, committed 9472K, reserved 1048576K
}
Event: 1433.502 GC heap after
{Heap after GC invocations=3522 (full 74):
 PSYoungGen      total 5120K, used 480K [0x00000000eab00000, 0x00000000eb100000, 0x0000000100000000)
  eden space 3072K, 0% used [0x00000000eab00000,0x00000000eab00000,0x00000000eae00000)
  from space 2048K, 23% used [0x00000000eae00000,0x00000000eae78000,0x00000000eb000000)
  to   space 1024K, 0% used [0x00000000eb000000,0x00000000eb000000,0x00000000eb100000)
 ParOldGen       total 164352K, used 125978K [0x00000000c0000000, 0x00000000ca080000, 0x00000000eab00000)
  object space 164352K, 76% used [0x00000000c0000000,0x00000000c7b06b48,0x00000000ca080000)
 Metaspace       used 90211K, committed 91584K, reserved 1179648K
  class space    used 8821K, committed 9472K, reserved 1048576K
}
Event: 1433.550 GC heap before
{Heap before GC invocations=3523 (full 74):
 PSYoungGen      total 5120K, used 3552K [0x00000000eab00000, 0x00000000eb100000, 0x0000000100000000)
  eden space 3072K, 100% used [0x00000000eab00000,0x00000000eae00000,0x00000000eae00000)
  from space 2048K, 23% used [0x00000000eae00000,0x00000000eae78000,0x00000000eb000000)
  to   space 1024K, 0% used [0x00000000eb000000,0x00000000eb000000,0x00000000eb100000)
 ParOldGen       total 164352K, used 125978K [0x00000000c0000000, 0x00000000ca080000, 0x00000000eab00000)
  object space 164352K, 76% used [0x00000000c0000000,0x00000000c7b06b48,0x00000000ca080000)
 Metaspace       used 90211K, committed 91584K, reserved 1179648K
  class space    used 8821K, committed 9472K, reserved 1048576K
}
Event: 1433.553 GC heap after
{Heap after GC invocations=3523 (full 74):
 PSYoungGen      total 5120K, used 496K [0x00000000eab00000, 0x00000000eb100000, 0x0000000100000000)
  eden space 4096K, 0% used [0x00000000eab00000,0x00000000eab00000,0x00000000eaf00000)
  from space 1024K, 48% used [0x00000000eb000000,0x00000000eb07c010,0x00000000eb100000)
  to   space 1024K, 0% used [0x00000000eaf00000,0x00000000eaf00000,0x00000000eb000000)
 ParOldGen       total 164352K, used 126009K [0x00000000c0000000, 0x00000000ca080000, 0x00000000eab00000)
  object space 164352K, 76% used [0x00000000c0000000,0x00000000c7b0e588,0x00000000ca080000)
 Metaspace       used 90211K, committed 91584K, reserved 1179648K
  class space    used 8821K, committed 9472K, reserved 1048576K
}
Event: 1435.565 GC heap before
{Heap before GC invocations=3524 (full 74):
 PSYoungGen      total 5120K, used 4592K [0x00000000eab00000, 0x00000000eb100000, 0x0000000100000000)
  eden space 4096K, 100% used [0x00000000eab00000,0x00000000eaf00000,0x00000000eaf00000)
  from space 1024K, 48% used [0x00000000eb000000,0x00000000eb07c010,0x00000000eb100000)
  to   space 1024K, 0% used [0x00000000eaf00000,0x00000000eaf00000,0x00000000eb000000)
 ParOldGen       total 164352K, used 126009K [0x00000000c0000000, 0x00000000ca080000, 0x00000000eab00000)
  object space 164352K, 76% used [0x00000000c0000000,0x00000000c7b0e588,0x00000000ca080000)
 Metaspace       used 90211K, committed 91584K, reserved 1179648K
  class space    used 8821K, committed 9472K, reserved 1048576K
}
Event: 1435.568 GC heap after
{Heap after GC invocations=3524 (full 74):
 PSYoungGen      total 5120K, used 976K [0x00000000eab00000, 0x00000000eb200000, 0x0000000100000000)
  eden space 4096K, 0% used [0x00000000eab00000,0x00000000eab00000,0x00000000eaf00000)
  from space 1024K, 95% used [0x00000000eaf00000,0x00000000eaff4010,0x00000000eb000000)
  to   space 1536K, 0% used [0x00000000eb080000,0x00000000eb080000,0x00000000eb200000)
 ParOldGen       total 164352K, used 126442K [0x00000000c0000000, 0x00000000ca080000, 0x00000000eab00000)
  object space 164352K, 76% used [0x00000000c0000000,0x00000000c7b7aa80,0x00000000ca080000)
 Metaspace       used 90211K, committed 91584K, reserved 1179648K
  class space    used 8821K, committed 9472K, reserved 1048576K
}
Event: 1443.115 GC heap before
{Heap before GC invocations=3525 (full 74):
 PSYoungGen      total 5120K, used 5072K [0x00000000eab00000, 0x00000000eb200000, 0x0000000100000000)
  eden space 4096K, 100% used [0x00000000eab00000,0x00000000eaf00000,0x00000000eaf00000)
  from space 1024K, 95% used [0x00000000eaf00000,0x00000000eaff4010,0x00000000eb000000)
  to   space 1536K, 0% used [0x00000000eb080000,0x00000000eb080000,0x00000000eb200000)
 ParOldGen       total 164352K, used 126442K [0x00000000c0000000, 0x00000000ca080000, 0x00000000eab00000)
  object space 164352K, 76% used [0x00000000c0000000,0x00000000c7b7aa80,0x00000000ca080000)
 Metaspace       used 90214K, committed 91584K, reserved 1179648K
  class space    used 8821K, committed 9472K, reserved 1048576K
}
Event: 1443.118 GC heap after
{Heap after GC invocations=3525 (full 74):
 PSYoungGen      total 4608K, used 64K [0x00000000eab00000, 0x00000000eb100000, 0x0000000100000000)
  eden space 4096K, 0% used [0x00000000eab00000,0x00000000eab00000,0x00000000eaf00000)
  from space 512K, 12% used [0x00000000eb080000,0x00000000eb090000,0x00000000eb100000)
  to   space 512K, 0% used [0x00000000eb000000,0x00000000eb000000,0x00000000eb080000)
 ParOldGen       total 164352K, used 127388K [0x00000000c0000000, 0x00000000ca080000, 0x00000000eab00000)
  object space 164352K, 77% used [0x00000000c0000000,0x00000000c7c67250,0x00000000ca080000)
 Metaspace       used 90214K, committed 91584K, reserved 1179648K
  class space    used 8821K, committed 9472K, reserved 1048576K
}
Event: 1445.167 GC heap before
{Heap before GC invocations=3526 (full 74):
 PSYoungGen      total 4608K, used 4159K [0x00000000eab00000, 0x00000000eb100000, 0x0000000100000000)
  eden space 4096K, 99% used [0x00000000eab00000,0x00000000eaeffff0,0x00000000eaf00000)
  from space 512K, 12% used [0x00000000eb080000,0x00000000eb090000,0x00000000eb100000)
  to   space 512K, 0% used [0x00000000eb000000,0x00000000eb000000,0x00000000eb080000)
 ParOldGen       total 164352K, used 127388K [0x00000000c0000000, 0x00000000ca080000, 0x00000000eab00000)
  object space 164352K, 77% used [0x00000000c0000000,0x00000000c7c67250,0x00000000ca080000)
 Metaspace       used 90214K, committed 91584K, reserved 1179648K
  class space    used 8821K, committed 9472K, reserved 1048576K
}
Event: 1445.168 GC heap after
{Heap after GC invocations=3526 (full 74):
 PSYoungGen      total 4608K, used 64K [0x00000000eab00000, 0x00000000eb100000, 0x0000000100000000)
  eden space 4096K, 0% used [0x00000000eab00000,0x00000000eab00000,0x00000000eaf00000)
  from space 512K, 12% used [0x00000000eb000000,0x00000000eb010000,0x00000000eb080000)
  to   space 512K, 0% used [0x00000000eb080000,0x00000000eb080000,0x00000000eb100000)
 ParOldGen       total 164352K, used 127396K [0x00000000c0000000, 0x00000000ca080000, 0x00000000eab00000)
  object space 164352K, 77% used [0x00000000c0000000,0x00000000c7c69250,0x00000000ca080000)
 Metaspace       used 90214K, committed 91584K, reserved 1179648K
  class space    used 8821K, committed 9472K, reserved 1048576K
}
Event: 1453.346 GC heap before
{Heap before GC invocations=3527 (full 74):
 PSYoungGen      total 4608K, used 4160K [0x00000000eab00000, 0x00000000eb100000, 0x0000000100000000)
  eden space 4096K, 100% used [0x00000000eab00000,0x00000000eaf00000,0x00000000eaf00000)
  from space 512K, 12% used [0x00000000eb000000,0x00000000eb010000,0x00000000eb080000)
  to   space 512K, 0% used [0x00000000eb080000,0x00000000eb080000,0x00000000eb100000)
 ParOldGen       total 164352K, used 127396K [0x00000000c0000000, 0x00000000ca080000, 0x00000000eab00000)
  object space 164352K, 77% used [0x00000000c0000000,0x00000000c7c69250,0x00000000ca080000)
 Metaspace       used 90214K, committed 91584K, reserved 1179648K
  class space    used 8821K, committed 9472K, reserved 1048576K
}
Event: 1453.347 GC heap after
{Heap after GC invocations=3527 (full 74):
 PSYoungGen      total 4608K, used 64K [0x00000000eab00000, 0x00000000eb100000, 0x0000000100000000)
  eden space 4096K, 0% used [0x00000000eab00000,0x00000000eab00000,0x00000000eaf00000)
  from space 512K, 12% used [0x00000000eb080000,0x00000000eb090000,0x00000000eb100000)
  to   space 512K, 0% used [0x00000000eb000000,0x00000000eb000000,0x00000000eb080000)
 ParOldGen       total 164352K, used 127396K [0x00000000c0000000, 0x00000000ca080000, 0x00000000eab00000)
  object space 164352K, 77% used [0x00000000c0000000,0x00000000c7c69250,0x00000000ca080000)
 Metaspace       used 90214K, committed 91584K, reserved 1179648K
  class space    used 8821K, committed 9472K, reserved 1048576K
}
Event: 1453.873 GC heap before
{Heap before GC invocations=3528 (full 74):
 PSYoungGen      total 4608K, used 4159K [0x00000000eab00000, 0x00000000eb100000, 0x0000000100000000)
  eden space 4096K, 99% used [0x00000000eab00000,0x00000000eaeffff0,0x00000000eaf00000)
  from space 512K, 12% used [0x00000000eb080000,0x00000000eb090000,0x00000000eb100000)
  to   space 512K, 0% used [0x00000000eb000000,0x00000000eb000000,0x00000000eb080000)
 ParOldGen       total 164352K, used 127396K [0x00000000c0000000, 0x00000000ca080000, 0x00000000eab00000)
  object space 164352K, 77% used [0x00000000c0000000,0x00000000c7c69250,0x00000000ca080000)
 Metaspace       used 90214K, committed 91584K, reserved 1179648K
  class space    used 8821K, committed 9472K, reserved 1048576K
}
Event: 1453.875 GC heap after
{Heap after GC invocations=3528 (full 74):
 PSYoungGen      total 4608K, used 64K [0x00000000eab00000, 0x00000000eb100000, 0x0000000100000000)
  eden space 4096K, 0% used [0x00000000eab00000,0x00000000eab00000,0x00000000eaf00000)
  from space 512K, 12% used [0x00000000eb000000,0x00000000eb010000,0x00000000eb080000)
  to   space 512K, 0% used [0x00000000eb080000,0x00000000eb080000,0x00000000eb100000)
 ParOldGen       total 164352K, used 127412K [0x00000000c0000000, 0x00000000ca080000, 0x00000000eab00000)
  object space 164352K, 77% used [0x00000000c0000000,0x00000000c7c6d250,0x00000000ca080000)
 Metaspace       used 90214K, committed 91584K, reserved 1179648K
  class space    used 8821K, committed 9472K, reserved 1048576K
}
Event: 1455.795 GC heap before
{Heap before GC invocations=3529 (full 74):
 PSYoungGen      total 4608K, used 4159K [0x00000000eab00000, 0x00000000eb100000, 0x0000000100000000)
  eden space 4096K, 99% used [0x00000000eab00000,0x00000000eaeffc18,0x00000000eaf00000)
  from space 512K, 12% used [0x00000000eb000000,0x00000000eb010000,0x00000000eb080000)
  to   space 512K, 0% used [0x00000000eb080000,0x00000000eb080000,0x00000000eb100000)
 ParOldGen       total 164352K, used 127412K [0x00000000c0000000, 0x00000000ca080000, 0x00000000eab00000)
  object space 164352K, 77% used [0x00000000c0000000,0x00000000c7c6d250,0x00000000ca080000)
 Metaspace       used 90216K, committed 91584K, reserved 1179648K
  class space    used 8821K, committed 9472K, reserved 1048576K
}
Event: 1455.797 GC heap after
{Heap after GC invocations=3529 (full 74):
 PSYoungGen      total 4608K, used 448K [0x00000000eab00000, 0x00000000eb100000, 0x0000000100000000)
  eden space 4096K, 0% used [0x00000000eab00000,0x00000000eab00000,0x00000000eaf00000)
  from space 512K, 87% used [0x00000000eb080000,0x00000000eb0f0020,0x00000000eb100000)
  to   space 1024K, 0% used [0x00000000eaf00000,0x00000000eaf00000,0x00000000eb000000)
 ParOldGen       total 164352K, used 127412K [0x00000000c0000000, 0x00000000ca080000, 0x00000000eab00000)
  object space 164352K, 77% used [0x00000000c0000000,0x00000000c7c6d250,0x00000000ca080000)
 Metaspace       used 90216K, committed 91584K, reserved 1179648K
  class space    used 8821K, committed 9472K, reserved 1048576K
}

